2014-五月-06 09:12:49 +0800 myhostname INFO [hvit.handler] - hvit started successfully
2014-五月-06 09:24:52 +0800 myhostname INFO [hvit.handler] - hvit is shutting down...
2014-五月-06 09:37:21 +0800 myhostname INFO [hvit.handler] - hvit started successfully
2014-五月-06 09:41:57 +0800 myhostname INFO [hvit.handler] - hvit is shutting down...
2014-五月-06 09:42:13 +0800 myhostname INFO [hvit.handler] - hvit started successfully
2014-五月-06 09:42:24 +0800 myhostname INFO [hvit.handler] - hvit is shutting down...
2014-五月-06 09:42:39 +0800 myhostname INFO [hvit.handler] - hvit started successfully
2014-五月-06 09:53:03 +0800 myhostname INFO [hvit.handler] - hvit is shutting down...
2014-五月-06 10:14:08 +0800 myhostname INFO [hvit.handler] - hvit started successfully
2014-五月-06 10:25:47 +0800 myhostname INFO [hvit.handler] - hvit is shutting down...
2014-五月-06 10:40:22 +0800 myhostname INFO [hvit.handler] - hvit started successfully
2014-五月-06 10:42:09 +0800 myhostname INFO [hvit.handler] - hvit is shutting down...
2014-五月-06 10:42:25 +0800 myhostname INFO [hvit.handler] - hvit started successfully
2014-五月-06 10:43:23 +0800 myhostname INFO [hvit.handler] - hvit is shutting down...
2014-五月-06 10:44:37 +0800 myhostname INFO [hvit.handler] - hvit started successfully
2014-五月-06 10:46:12 +0800 myhostname INFO [hvit.handler] - hvit is shutting down...
2014-五月-06 10:46:27 +0800 myhostname INFO [hvit.handler] - hvit started successfully
2014-五月-06 10:49:31 +0800 myhostname INFO [hvit.handler] - hvit is shutting down...
2014-五月-06 10:49:46 +0800 myhostname INFO [hvit.handler] - hvit started successfully
2014-五月-06 10:50:15 +0800 myhostname INFO [hvit.handler] - hvit is shutting down...
2014-五月-06 10:50:31 +0800 myhostname INFO [hvit.handler] - hvit started successfully
2014-五月-06 10:52:06 +0800 myhostname INFO [hvit.handler] - hvit is shutting down...
2014-五月-06 10:52:22 +0800 myhostname INFO [hvit.handler] - hvit started successfully
2014-五月-06 10:52:43 +0800 myhostname INFO [hvit.handler] - hvit is shutting down...
2014-五月-06 10:52:58 +0800 myhostname INFO [hvit.handler] - hvit started successfully
2014-五月-06 10:54:17 +0800 myhostname INFO [hvit.handler] - hvit is shutting down...
2014-五月-06 10:55:11 +0800 myhostname INFO [hvit.handler] - hvit started successfully
2014-五月-06 10:55:55 +0800 myhostname INFO [hvit.handler] - hvit is shutting down...
2014-五月-06 11:56:19 +0800 myhostname INFO [hvit.handler] - hvit started successfully
2014-五月-06 11:56:56 +0800 myhostname INFO [hvit.handler] - hvit is shutting down...
2014-五月-06 11:57:12 +0800 myhostname INFO [hvit.handler] - hvit started successfully
2014-五月-06 11:58:20 +0800 myhostname INFO [hvit.handler] - hvit is shutting down...
2014-五月-06 11:58:53 +0800 myhostname INFO [hvit.handler] - hvit started successfully
2014-五月-06 12:00:09 +0800 myhostname INFO [hvit.handler] - hvit is shutting down...
2014-五月-06 12:00:24 +0800 myhostname INFO [hvit.handler] - hvit started successfully
2014-五月-06 12:07:20 +0800 myhostname INFO [hvit.handler] - hvit is shutting down...
2014-五月-06 12:07:35 +0800 myhostname INFO [hvit.handler] - hvit started successfully
2014-五月-06 12:08:41 +0800 myhostname INFO [hvit.handler] - hvit is shutting down...
2014-五月-06 12:16:46 +0800 myhostname INFO [hvit.handler] - hvit started successfully
2014-五月-06 12:18:50 +0800 myhostname INFO [hvit.handler] - hvit is shutting down...
2014-五月-06 12:19:06 +0800 myhostname INFO [hvit.handler] - hvit started successfully
2014-五月-06 12:19:36 +0800 myhostname INFO [hvit.handler] - hvit is shutting down...
2014-五月-06 12:19:52 +0800 myhostname INFO [hvit.handler] - hvit started successfully
2014-五月-06 12:19:54 +0800 myhostname INFO [hvit.handler] - hvit is shutting down...
2014-五月-06 12:20:09 +0800 myhostname INFO [hvit.handler] - hvit started successfully
2014-五月-06 12:22:26 +0800 myhostname INFO [hvit.handler] - hvit is shutting down...
2014-五月-06 12:22:42 +0800 myhostname INFO [hvit.handler] - hvit started successfully
2014-五月-06 12:28:00 +0800 myhostname INFO [hvit.handler] - hvit is shutting down...
2014-五月-06 12:28:15 +0800 myhostname INFO [hvit.handler] - hvit started successfully
2014-五月-06 12:29:06 +0800 myhostname INFO [hvit.handler] - hvit is shutting down...
2014-五月-06 12:34:09 +0800 myhostname INFO [hvit.handler] - hvit started successfully
2014-五月-06 12:34:31 +0800 myhostname INFO [hvit.handler] - hvit is shutting down...
2014-五月-06 12:43:21 +0800 myhostname INFO [hvit.handler] - hvit started successfully
2014-五月-06 12:48:24 +0800 myhostname INFO [hvit.handler] - hvit is shutting down...
2014-五月-06 12:48:39 +0800 myhostname INFO [hvit.handler] - hvit started successfully
2014-五月-06 14:04:23 +0800 myhostname INFO [hvit.handler] - hvit is shutting down...
2014-五月-19 15:52:28 +0800 myhostname INFO [hvit.handler] - hvit started successfully
2014-五月-19 15:54:33 +0800 myhostname INFO [hvit.handler] - hvit is shutting down...
2014-五月-19 15:56:29 +0800 myhostname INFO [hvit.handler] - hvit started successfully
2014-五月-19 16:01:14 +0800 myhostname INFO [hvit.handler] - hvit is shutting down...
2014-五月-19 16:04:28 +0800 myhostname INFO [hvit.handler] - hvit started successfully
2014-五月-19 16:04:28 +0800 myhostname INFO [hvit.handler] - hvit started successfully
2014-五月-19 17:25:41 +0800 myhostname INFO [hvit.handler] - hvit started successfully
2014-五月-20 11:06:41 +0800 myhostname INFO [hvit.handler] - hvit started successfully
2014-五月-20 13:35:37 +0800 myhostname INFO [hvit.handler] - hvit is shutting down...
2014-五月-20 13:35:55 +0800 myhostname INFO [hvit.handler] - hvit started successfully
2014-五月-20 16:01:21 +0800 myhostname INFO [hvit.handler] - hvit is shutting down...
2014-五月-20 16:02:04 +0800 myhostname INFO [hvit.handler] - hvit started successfully
2014-五月-20 16:19:28 +0800 myhostname INFO [hvit.handler] - hvit is shutting down...
2014-五月-20 16:21:04 +0800 myhostname INFO [hvit.handler] - hvit started successfully
2014-五月-20 16:25:56 +0800 myhostname INFO [hvit.handler] - hvit is shutting down...
2014-五月-20 16:28:08 +0800 myhostname INFO [hvit.handler] - hvit started successfully
2014-五月-20 16:30:44 +0800 myhostname INFO [hvit.handler] - hvit is shutting down...
2014-五月-20 16:31:16 +0800 myhostname INFO [hvit.handler] - hvit started successfully
2014-五月-20 16:44:21 +0800 myhostname INFO [hvit.handler] - hvit is shutting down...
2014-五月-20 16:44:44 +0800 myhostname INFO [hvit.handler] - hvit started successfully
2014-五月-20 16:50:53 +0800 myhostname INFO [hvit.handler] - hvit is shutting down...
2014-五月-20 16:52:14 +0800 myhostname INFO [hvit.handler] - hvit started successfully
2014-五月-20 17:02:12 +0800 myhostname INFO [hvit.handler] - hvit is shutting down...
2014-五月-20 17:02:36 +0800 myhostname INFO [hvit.handler] - hvit started successfully
2014-五月-20 17:34:43 +0800 myhostname INFO [hvit.handler] - hvit is shutting down...
2014-五月-20 17:35:10 +0800 myhostname INFO [hvit.handler] - hvit started successfully
2014-五月-20 17:42:56 +0800 myhostname INFO [hvit.handler] - hvit is shutting down...
2014-五月-20 17:45:54 +0800 myhostname INFO [hvit.handler] - hvit started successfully
2014-五月-20 17:48:53 +0800 myhostname INFO [hvit.handler] - hvit is shutting down...
2014-五月-20 17:50:40 +0800 myhostname INFO [hvit.handler] - hvit started successfully
2014-五月-21 09:23:18 +0800 myhostname INFO [hvit.handler] - hvit is shutting down...
2014-五月-21 16:37:38 +0800 myhostname INFO [hvit.handler] - hvit started successfully
2014-五月-21 16:40:41 +0800 myhostname INFO [hvit.handler] - hvit is shutting down...
2014-五月-22 10:03:42 +0800 myhostname INFO [hvit.handler] - hvit started successfully
2014-五月-22 11:24:04 +0800 myhostname INFO [hvit.handler] - hvit is shutting down...
2014-五月-22 11:24:47 +0800 myhostname INFO [hvit.handler] - hvit started successfully
2014-五月-22 16:13:34 +0800 myhostname INFO [hvit.handler] - hvit is shutting down...
2014-五月-22 16:16:20 +0800 myhostname INFO [hvit.handler] - hvit started successfully
2014-五月-22 16:52:24 +0800 myhostname INFO [hvit.handler] - hvit is shutting down...
2014-五月-22 16:53:00 +0800 myhostname INFO [hvit.handler] - hvit started successfully
2014-五月-22 17:48:03 +0800 myhostname INFO [hvit.handler] - hvit is shutting down...
2014-五月-22 17:50:07 +0800 myhostname INFO [hvit.handler] - hvit started successfully
2014-五月-22 17:58:39 +0800 myhostname INFO [hvit.handler] - hvit is shutting down...
2014-五月-22 17:59:16 +0800 myhostname INFO [hvit.handler] - hvit started successfully
2014-五月-23 09:56:06 +0800 myhostname INFO [hvit.handler] - hvit is shutting down...
2014-五月-23 09:56:42 +0800 myhostname INFO [hvit.handler] - hvit started successfully
2014-五月-23 11:19:28 +0800 myhostname INFO [hvit.handler] - hvit is shutting down...
2014-五月-23 11:20:15 +0800 myhostname INFO [hvit.handler] - hvit started successfully
2014-五月-23 13:00:49 +0800 myhostname INFO [hvit.handler] - hvit is shutting down...
2014-五月-23 13:01:39 +0800 myhostname INFO [hvit.handler] - hvit started successfully
2014-五月-23 13:26:22 +0800 myhostname INFO [hvit.handler] - hvit is shutting down...
2014-五月-23 13:26:58 +0800 myhostname INFO [hvit.handler] - hvit started successfully
2014-五月-23 13:55:38 +0800 myhostname INFO [hvit.handler] - hvit is shutting down...
2014-五月-23 13:56:12 +0800 myhostname INFO [hvit.handler] - hvit started successfully
2014-五月-23 16:20:23 +0800 myhostname INFO [hvit.handler] - hvit is shutting down...
2014-五月-23 16:25:58 +0800 myhostname INFO [hvit.handler] - hvit started successfully
2014-五月-26 12:34:52 +0800 myhostname INFO [hvit.handler] - hvit is shutting down...
2014-五月-26 13:50:00 +0800 myhostname INFO [hvit.handler] - hvit started successfully
2014-五月-26 14:14:16 +0800 myhostname INFO [hvit.handler] - hvit is shutting down...
2014-五月-26 14:16:52 +0800 myhostname INFO [hvit.handler] - hvit started successfully
2014-五月-26 15:36:00 +0800 myhostname INFO [hvit.handler] - hvit is shutting down...
2014-五月-26 15:38:42 +0800 myhostname INFO [hvit.handler] - hvit started successfully
2014-五月-26 16:30:01 +0800 myhostname INFO [hvit.handler] - hvit is shutting down...
2014-五月-26 16:30:50 +0800 myhostname INFO [hvit.handler] - hvit started successfully
2014-五月-26 16:48:13 +0800 myhostname INFO [hvit.handler] - hvit is shutting down...
2014-五月-26 16:48:55 +0800 myhostname INFO [hvit.handler] - hvit started successfully
2014-五月-26 17:03:27 +0800 myhostname INFO [hvit.handler] - hvit is shutting down...
2014-五月-26 17:07:37 +0800 myhostname INFO [hvit.handler] - hvit started successfully
2014-五月-26 17:36:44 +0800 myhostname INFO [hvit.handler] - hvit is shutting down...
2014-五月-26 17:37:29 +0800 myhostname INFO [hvit.handler] - hvit started successfully
2014-五月-27 10:17:38 +0800 myhostname INFO [hvit.handler] - hvit is shutting down...
2014-五月-27 10:19:33 +0800 myhostname INFO [hvit.handler] - hvit started successfully
2014-五月-27 11:10:18 +0800 myhostname INFO [hvit.handler] - hvit is shutting down...
2014-五月-27 11:10:59 +0800 myhostname INFO [hvit.handler] - hvit started successfully
2014-五月-27 12:23:32 +0800 myhostname INFO [hvit.handler] - hvit is shutting down...
2014-五月-27 12:24:13 +0800 myhostname INFO [hvit.handler] - hvit started successfully
2014-五月-27 12:51:18 +0800 myhostname INFO [hvit.handler] - hvit is shutting down...
2014-五月-27 12:53:58 +0800 myhostname INFO [hvit.handler] - hvit started successfully
2014-五月-27 12:58:14 +0800 myhostname INFO [hvit.handler] - hvit is shutting down...
2014-五月-27 12:58:51 +0800 myhostname INFO [hvit.handler] - hvit started successfully
2014-五月-27 14:04:18 +0800 myhostname INFO [hvit.handler] - hvit is shutting down...
2014-五月-27 14:05:01 +0800 myhostname INFO [hvit.handler] - hvit started successfully
2014-五月-27 14:34:07 +0800 myhostname INFO [hvit.handler] - hvit is shutting down...
2014-五月-27 14:42:33 +0800 myhostname INFO [hvit.handler] - hvit started successfully
2014-五月-27 15:36:19 +0800 myhostname INFO [hvit.handler] - hvit is shutting down...
2014-五月-27 16:42:10 +0800 myhostname INFO [hvit.handler] - hvit started successfully
2014-五月-27 17:55:14 +0800 myhostname INFO [hvit.handler] - hvit is shutting down...
2014-五月-27 17:55:55 +0800 myhostname INFO [hvit.handler] - hvit started successfully
2014-五月-28 09:16:07 +0800 myhostname INFO [hvit.handler] - hvit is shutting down...
2014-五月-28 09:16:50 +0800 myhostname INFO [hvit.handler] - hvit started successfully
2014-五月-28 11:31:02 +0800 myhostname INFO [hvit.handler] - hvit is shutting down...
2014-五月-28 11:36:41 +0800 myhostname INFO [hvit.handler] - hvit started successfully
2014-五月-28 12:19:24 +0800 myhostname INFO [hvit.handler] - hvit is shutting down...
2014-五月-28 12:23:21 +0800 myhostname INFO [hvit.handler] - hvit started successfully
2014-五月-28 13:12:45 +0800 myhostname INFO [hvit.handler] - hvit is shutting down...
2014-五月-28 13:13:26 +0800 myhostname INFO [hvit.handler] - hvit started successfully
2014-五月-28 13:24:50 +0800 myhostname INFO [hvit.handler] - hvit is shutting down...
2014-五月-28 13:29:10 +0800 myhostname INFO [hvit.handler] - hvit started successfully
2014-五月-28 13:33:37 +0800 myhostname INFO [hvit.handler] - hvit is shutting down...
2014-五月-28 13:34:25 +0800 myhostname INFO [hvit.handler] - hvit started successfully
2014-五月-28 13:39:54 +0800 myhostname INFO [hvit.handler] - hvit is shutting down...
2014-五月-28 13:40:35 +0800 myhostname INFO [hvit.handler] - hvit started successfully
2014-五月-28 14:17:28 +0800 myhostname INFO [hvit.handler] - hvit is shutting down...
2014-五月-28 14:18:12 +0800 myhostname INFO [hvit.handler] - hvit started successfully
2014-五月-28 14:40:14 +0800 myhostname INFO [hvit.handler] - hvit is shutting down...
2014-五月-28 14:42:53 +0800 myhostname INFO [hvit.handler] - hvit started successfully
2014-五月-28 14:47:06 +0800 myhostname INFO [hvit.handler] - hvit started successfully
2014-五月-28 14:58:07 +0800 myhostname INFO [hvit.handler] - hvit is shutting down...
2014-五月-28 15:06:00 +0800 myhostname INFO [hvit.handler] - hvit started successfully
2014-五月-28 15:07:03 +0800 myhostname INFO [hvit.handler] - hvit is shutting down...
2014-五月-28 16:12:15 +0800 myhostname INFO [hvit.handler] - hvit is shutting down...
2014-五月-28 16:14:11 +0800 myhostname INFO [hvit.handler] - hvit started successfully
2014-五月-28 16:24:13 +0800 myhostname INFO [hvit.handler] - hvit is shutting down...
2014-五月-28 16:24:52 +0800 myhostname INFO [hvit.handler] - hvit started successfully
2014-五月-28 16:46:55 +0800 myhostname INFO [hvit.handler] - hvit is shutting down...
2014-五月-28 16:47:35 +0800 myhostname INFO [hvit.handler] - hvit started successfully
2014-五月-28 17:30:52 +0800 myhostname INFO [hvit.handler] - hvit is shutting down...
2014-五月-28 17:33:20 +0800 myhostname INFO [hvit.handler] - hvit started successfully
2014-五月-29 14:44:44 +0800 myhostname INFO [hvit.handler] - hvit is shutting down...
2014-五月-29 14:46:40 +0800 myhostname INFO [hvit.handler] - hvit started successfully
2014-五月-29 16:06:32 +0800 myhostname INFO [hvit.handler] - hvit is shutting down...
2014-五月-29 16:16:28 +0800 myhostname INFO [hvit.handler] - hvit started successfully
2014-五月-29 16:16:24 +0800 myhostname INFO [hvit.handler] - hvit started successfully
2014-五月-29 16:19:22 +0800 myhostname INFO [hvit.handler] - hvit is shutting down...
2014-五月-29 16:27:29 +0800 myhostname INFO [hvit.handler] - hvit is shutting down...
2014-五月-29 16:28:45 +0800 myhostname INFO [hvit.handler] - hvit started successfully
2014-五月-29 16:29:15 +0800 myhostname INFO [hvit.handler] - hvit is shutting down...
2014-五月-29 16:30:39 +0800 myhostname INFO [hvit.handler] - hvit started successfully
2014-五月-29 16:34:43 +0800 myhostname INFO [hvit.handler] - hvit is shutting down...
2014-五月-29 16:35:16 +0800 myhostname INFO [hvit.handler] - hvit started successfully
2014-五月-29 16:36:36 +0800 myhostname INFO [hvit.handler] - hvit is shutting down...
2014-五月-29 16:37:32 +0800 myhostname INFO [hvit.handler] - hvit started successfully
2014-五月-29 16:41:39 +0800 myhostname INFO [hvit.handler] - hvit is shutting down...
2014-五月-29 16:43:03 +0800 myhostname INFO [hvit.handler] - hvit started successfully
2014-五月-29 16:47:35 +0800 myhostname INFO [hvit.handler] - hvit is shutting down...
2014-五月-29 16:49:10 +0800 myhostname INFO [hvit.handler] - hvit started successfully
2014-五月-29 17:04:43 +0800 myhostname INFO [hvit.handler] - hvit is shutting down...
2014-五月-29 17:20:16 +0800 myhostname INFO [hvit.handler] - hvit started successfully
2014-五月-29 17:23:23 +0800 myhostname INFO [hvit.handler] - hvit is shutting down...
2014-五月-29 17:38:40 +0800 myhostname INFO [hvit.handler] - hvit started successfully
2014-五月-30 09:51:15 +0800 myhostname INFO [hvit.handler] - hvit is shutting down...
2014-五月-30 15:07:39 +0800 myhostname INFO [hvit.handler] - hvit started successfully
2014-五月-30 15:39:31 +0800 myhostname INFO [hvit.handler] - hvit is shutting down...
2014-六月-03 11:25:42 +0800 myhostname INFO [hvit.handler] - hvit started successfully
2014-六月-03 12:15:21 +0800 myhostname INFO [hvit.handler] - hvit is shutting down...
2014-六月-03 17:17:15 +0800 myhostname INFO [hvit.handler] - hvit started successfully
2014-六月-03 17:28:26 +0800 myhostname INFO [hvit.handler] - hvit is shutting down...
2014-六月-03 17:28:45 +0800 myhostname INFO [hvit.handler] - hvit started successfully
2014-六月-04 09:05:29 +0800 myhostname INFO [hvit.handler] - hvit is shutting down...
2014-六月-04 10:57:14 +0800 myhostname INFO [hvit.handler] - hvit started successfully
2014-六月-04 11:50:03 +0800 myhostname INFO [hvit.handler] - hvit is shutting down...
2014-六月-04 11:50:58 +0800 myhostname INFO [hvit.handler] - hvit started successfully
2014-六月-04 12:05:11 +0800 myhostname INFO [hvit.handler] - hvit is shutting down...
2014-六月-04 12:14:12 +0800 myhostname INFO [hvit.handler] - hvit started successfully
2014-六月-04 13:51:34 +0800 myhostname INFO [hvit.handler] - hvit is shutting down...
2014-六月-04 13:52:04 +0800 myhostname INFO [hvit.handler] - hvit started successfully
2014-六月-04 14:11:32 +0800 myhostname INFO [hvit.handler] - hvit is shutting down...
2014-六月-04 14:11:58 +0800 myhostname INFO [hvit.handler] - hvit started successfully
2014-六月-05 10:32:58 +0800 myhostname INFO [hvit.handler] - hvit is shutting down...
2014-六月-05 11:25:15 +0800 myhostname INFO [hvit.handler] - hvit started successfully
2014-六月-05 14:37:39 +0800 myhostname INFO [hvit.handler] - hvit is shutting down...
2014-六月-10 14:11:54 +0800 myhostname INFO [hvit.handler] - hvit started successfully
2014-六月-10 14:20:49 +0800 myhostname INFO [hvit.handler] - hvit is shutting down...
2014-六月-10 14:35:01 +0800 myhostname INFO [hvit.handler] - hvit started successfully
2014-六月-10 16:40:42 +0800 myhostname INFO [hvit.handler] - hvit is shutting down...
2014-六月-10 16:44:25 +0800 myhostname INFO [hvit.handler] - hvit started successfully
2014-六月-11 08:58:31 +0800 myhostname INFO [hvit.handler] - hvit started successfully
2014-六月-11 16:00:17 +0800 myhostname INFO [hvit.handler] - hvit started successfully
2014-六月-12 09:09:56 +0800 myhostname INFO [hvit.handler] - hvit is shutting down...
2014-六月-12 14:32:56 +0800 myhostname INFO [hvit.handler] - hvit started successfully
2014-六月-12 14:43:44 +0800 myhostname INFO [hvit.handler] - hvit is shutting down...
2014-六月-12 14:45:41 +0800 myhostname INFO [hvit.handler] - hvit started successfully
2014-六月-13 09:43:51 +0800 myhostname INFO [hvit.handler] - hvit is shutting down...
2014-六月-16 09:16:49 +0800 myhostname INFO [hvit.handler] - hvit started successfully
2014-六月-16 09:29:02 +0800 myhostname INFO [hvit.handler] - hvit is shutting down...
2014-六月-16 10:25:30 +0800 myhostname INFO [hvit.handler] - hvit started successfully
2014-六月-16 10:55:22 +0800 myhostname INFO [hvit.handler] - hvit is shutting down...
2014-六月-16 11:56:21 +0800 myhostname INFO [hvit.handler] - hvit started successfully
2014-六月-16 11:57:34 +0800 myhostname INFO [hvit.handler] - hvit is shutting down...
2014-六月-16 11:57:44 +0800 myhostname INFO [hvit.handler] - hvit started successfully
2014-六月-16 12:39:08 +0800 myhostname INFO [hvit.handler] - hvit is shutting down...
2014-六月-16 12:39:18 +0800 myhostname INFO [hvit.handler] - hvit started successfully
2014-六月-16 13:47:55 +0800 myhostname INFO [hvit.handler] - hvit is shutting down...
2014-六月-16 13:49:07 +0800 myhostname INFO [hvit.handler] - hvit started successfully
2014-六月-16 14:01:48 +0800 myhostname INFO [hvit.handler] - hvit is shutting down...
2014-六月-16 14:01:58 +0800 myhostname INFO [hvit.handler] - hvit started successfully
2014-六月-16 14:06:16 +0800 myhostname INFO [hvit.handler] - hvit is shutting down...
2014-六月-16 14:06:25 +0800 myhostname INFO [hvit.handler] - hvit started successfully
2014-六月-16 15:05:56 +0800 myhostname INFO [hvit.handler] - hvit is shutting down...
2014-六月-16 15:06:19 +0800 myhostname INFO [hvit.handler] - hvit started successfully
2014-六月-16 15:06:49 +0800 myhostname INFO [hvit.handler] - hvit is shutting down...
2014-六月-16 15:07:08 +0800 myhostname INFO [hvit.handler] - hvit started successfully
2014-六月-16 15:11:23 +0800 myhostname INFO [hvit.handler] - hvit is shutting down...
2014-六月-16 15:12:50 +0800 myhostname INFO [hvit.handler] - hvit started successfully
2014-六月-16 15:25:13 +0800 myhostname INFO [hvit.handler] - hvit is shutting down...
2014-六月-16 15:25:32 +0800 myhostname INFO [hvit.handler] - hvit started successfully
2014-六月-16 16:09:44 +0800 myhostname INFO [hvit.handler] - hvit is shutting down...
2014-六月-16 16:13:30 +0800 myhostname INFO [hvit.handler] - hvit started successfully
2014-六月-16 16:16:34 +0800 myhostname INFO [hvit.handler] - hvit is shutting down...
2014-六月-16 16:16:55 +0800 myhostname INFO [hvit.handler] - hvit started successfully
2014-六月-16 16:20:55 +0800 myhostname INFO [hvit.handler] - hvit is shutting down...
2014-六月-16 16:21:19 +0800 myhostname INFO [hvit.handler] - hvit started successfully
2014-六月-16 16:27:38 +0800 myhostname INFO [hvit.handler] - hvit is shutting down...
2014-六月-16 16:27:58 +0800 myhostname INFO [hvit.handler] - hvit started successfully
2014-六月-16 16:37:10 +0800 myhostname INFO [hvit.handler] - hvit is shutting down...
2014-六月-16 16:41:23 +0800 myhostname INFO [hvit.handler] - hvit started successfully
2014-六月-16 16:47:28 +0800 myhostname INFO [hvit.handler] - hvit is shutting down...
2014-六月-16 16:48:03 +0800 myhostname INFO [hvit.handler] - hvit started successfully
2014-六月-16 16:57:23 +0800 myhostname INFO [hvit.handler] - hvit is shutting down...
2014-六月-16 16:57:42 +0800 myhostname INFO [hvit.handler] - hvit started successfully
2014-六月-16 16:59:24 +0800 myhostname INFO [hvit.handler] - hvit is shutting down...
2014-六月-16 17:01:22 +0800 myhostname INFO [hvit.handler] - hvit started successfully
2014-六月-17 09:10:53 +0800 myhostname INFO [hvit.handler] - hvit is shutting down...
2014-六月-17 09:12:13 +0800 myhostname INFO [hvit.handler] - hvit started successfully
2014-六月-17 11:59:43 +0800 myhostname INFO [hvit.handler] - hvit is shutting down...
2014-六月-17 12:00:15 +0800 myhostname INFO [hvit.handler] - hvit started successfully
2014-六月-17 14:01:54 +0800 myhostname INFO [hvit.handler] - hvit is shutting down...
2014-六月-17 14:02:27 +0800 myhostname INFO [hvit.handler] - hvit started successfully
2014-六月-17 14:03:48 +0800 myhostname INFO [hvit.handler] - hvit is shutting down...
2014-六月-17 14:04:20 +0800 myhostname INFO [hvit.handler] - hvit started successfully
2014-六月-17 14:35:58 +0800 myhostname INFO [hvit.handler] - hvit is shutting down...
2014-六月-17 14:36:41 +0800 myhostname INFO [hvit.handler] - hvit started successfully
2014-六月-17 14:48:16 +0800 myhostname INFO [hvit.handler] - hvit is shutting down...
2014-六月-17 14:48:54 +0800 myhostname INFO [hvit.handler] - hvit started successfully
2014-六月-17 14:54:35 +0800 myhostname INFO [hvit.handler] - hvit is shutting down...
2014-六月-17 14:55:11 +0800 myhostname INFO [hvit.handler] - hvit started successfully
2014-六月-17 14:56:33 +0800 myhostname INFO [hvit.handler] - hvit is shutting down...
2014-六月-17 14:57:03 +0800 myhostname INFO [hvit.handler] - hvit started successfully
2014-六月-17 14:58:35 +0800 myhostname INFO [hvit.handler] - hvit is shutting down...
2014-六月-17 14:59:07 +0800 myhostname INFO [hvit.handler] - hvit started successfully
2014-六月-17 15:37:25 +0800 myhostname INFO [hvit.handler] - hvit is shutting down...
2014-六月-17 15:39:38 +0800 myhostname INFO [hvit.handler] - hvit started successfully
2014-六月-17 16:00:00 +0800 myhostname INFO [hvit.handler] - hvit is shutting down...
2014-六月-17 16:00:30 +0800 myhostname INFO [hvit.handler] - hvit started successfully
2014-六月-17 16:15:56 +0800 myhostname INFO [hvit.handler] - hvit is shutting down...
2014-六月-17 16:16:25 +0800 myhostname INFO [hvit.handler] - hvit started successfully
2014-六月-17 16:34:52 +0800 myhostname INFO [hvit.handler] - hvit is shutting down...
2014-六月-17 16:35:22 +0800 myhostname INFO [hvit.handler] - hvit started successfully
2014-六月-17 16:37:00 +0800 myhostname INFO [hvit.handler] - hvit is shutting down...
2014-六月-17 16:37:30 +0800 myhostname INFO [hvit.handler] - hvit started successfully
2014-六月-17 16:40:13 +0800 myhostname INFO [hvit.handler] - hvit is shutting down...
2014-六月-17 16:40:53 +0800 myhostname INFO [hvit.handler] - hvit started successfully
2014-六月-17 16:44:06 +0800 myhostname INFO [hvit.handler] - hvit is shutting down...
2014-六月-17 16:44:44 +0800 myhostname INFO [hvit.handler] - hvit started successfully
2014-六月-17 16:45:36 +0800 myhostname INFO [hvit.handler] - hvit is shutting down...
2014-六月-17 16:46:04 +0800 myhostname INFO [hvit.handler] - hvit started successfully
2014-六月-17 17:18:35 +0800 myhostname INFO [hvit.handler] - hvit is shutting down...
2014-六月-17 17:19:11 +0800 myhostname INFO [hvit.handler] - hvit started successfully
2014-六月-17 17:48:57 +0800 myhostname INFO [hvit.handler] - hvit is shutting down...
2014-六月-17 17:49:26 +0800 myhostname INFO [hvit.handler] - hvit started successfully
2014-六月-17 17:51:41 +0800 myhostname INFO [hvit.handler] - hvit is shutting down...
2014-六月-17 17:52:10 +0800 myhostname INFO [hvit.handler] - hvit started successfully
2014-六月-17 17:54:55 +0800 myhostname INFO [hvit.handler] - hvit is shutting down...
2014-六月-17 17:55:24 +0800 myhostname INFO [hvit.handler] - hvit started successfully
2014-六月-17 17:57:02 +0800 myhostname INFO [hvit.handler] - hvit is shutting down...
2014-六月-17 17:57:31 +0800 myhostname INFO [hvit.handler] - hvit started successfully
2014-六月-18 09:10:08 +0800 myhostname INFO [hvit.handler] - hvit is shutting down...
2014-六月-18 09:10:46 +0800 myhostname INFO [hvit.handler] - hvit started successfully
2014-六月-18 09:36:22 +0800 myhostname INFO [hvit.handler] - hvit is shutting down...
2014-六月-18 09:37:01 +0800 myhostname INFO [hvit.handler] - hvit started successfully
2014-六月-18 13:47:34 +0800 myhostname INFO [hvit.handler] - hvit is shutting down...
2014-六月-18 13:51:40 +0800 myhostname INFO [hvit.handler] - hvit started successfully
2014-六月-18 13:54:06 +0800 myhostname INFO [hvit.handler] - hvit is shutting down...
2014-六月-18 13:54:39 +0800 myhostname INFO [hvit.handler] - hvit started successfully
2014-六月-18 14:00:20 +0800 myhostname INFO [hvit.handler] - hvit is shutting down...
2014-六月-18 14:00:50 +0800 myhostname INFO [hvit.handler] - hvit started successfully
2014-六月-18 14:04:22 +0800 myhostname INFO [hvit.handler] - hvit is shutting down...
2014-六月-18 14:04:52 +0800 myhostname INFO [hvit.handler] - hvit started successfully
2014-六月-18 14:12:09 +0800 myhostname INFO [hvit.handler] - hvit is shutting down...
2014-六月-18 14:12:39 +0800 myhostname INFO [hvit.handler] - hvit started successfully
2014-六月-18 14:13:51 +0800 myhostname INFO [hvit.handler] - hvit is shutting down...
2014-六月-18 14:16:47 +0800 myhostname INFO [hvit.handler] - hvit started successfully
2014-六月-18 14:20:03 +0800 myhostname INFO [hvit.handler] - hvit is shutting down...
2014-六月-18 14:20:33 +0800 myhostname INFO [hvit.handler] - hvit started successfully
2014-六月-18 14:46:19 +0800 myhostname INFO [hvit.handler] - hvit is shutting down...
2014-六月-18 14:46:50 +0800 myhostname INFO [hvit.handler] - hvit started successfully
2014-六月-18 14:50:49 +0800 myhostname INFO [hvit.handler] - hvit is shutting down...
2014-六月-18 14:51:20 +0800 myhostname INFO [hvit.handler] - hvit started successfully
2014-六月-18 14:57:39 +0800 myhostname INFO [hvit.handler] - hvit is shutting down...
2014-六月-18 16:07:49 +0800 myhostname INFO [hvit.handler] - hvit started successfully
2014-六月-18 16:16:37 +0800 myhostname INFO [hvit.handler] - hvit is shutting down...
2014-六月-18 16:18:53 +0800 myhostname INFO [hvit.handler] - hvit started successfully
2014-六月-18 16:23:19 +0800 myhostname INFO [hvit.handler] - hvit is shutting down...
2014-六月-18 16:24:57 +0800 myhostname INFO [hvit.handler] - hvit started successfully
2014-六月-18 16:27:12 +0800 myhostname INFO [hvit.handler] - hvit is shutting down...
2014-六月-18 16:27:42 +0800 myhostname INFO [hvit.handler] - hvit started successfully
2014-六月-18 16:31:54 +0800 myhostname INFO [hvit.handler] - hvit is shutting down...
2014-六月-18 16:32:24 +0800 myhostname INFO [hvit.handler] - hvit started successfully
2014-六月-18 16:36:25 +0800 myhostname INFO [hvit.handler] - hvit is shutting down...
2014-六月-18 16:37:04 +0800 myhostname INFO [hvit.handler] - hvit started successfully
2014-六月-18 17:09:20 +0800 myhostname INFO [hvit.handler] - hvit is shutting down...
2014-六月-18 17:10:00 +0800 myhostname INFO [hvit.handler] - hvit started successfully
2014-六月-18 17:21:57 +0800 myhostname INFO [hvit.handler] - hvit started successfully
2014-六月-18 17:32:42 +0800 myhostname INFO [hvit.handler] - hvit is shutting down...
2014-六月-18 17:38:49 +0800 myhostname INFO [hvit.handler] - hvit started successfully
2014-六月-18 17:48:36 +0800 myhostname INFO [hvit.handler] - hvit is shutting down...
2014-六月-18 17:50:21 +0800 myhostname INFO [hvit.handler] - hvit started successfully
2014-六月-18 17:54:32 +0800 myhostname INFO [hvit.handler] - hvit is shutting down...
2014-六月-18 17:55:12 +0800 myhostname INFO [hvit.handler] - hvit started successfully
2014-六月-19 08:57:30 +0800 myhostname INFO [hvit.handler] - hvit is shutting down...
2014-六月-19 08:57:44 +0800 myhostname INFO [hvit.handler] - hvit started successfully
2014-六月-19 09:07:09 +0800 myhostname INFO [hvit.handler] - hvit is shutting down...
2014-六月-19 09:07:48 +0800 myhostname INFO [hvit.handler] - hvit started successfully
2014-六月-19 09:13:17 +0800 myhostname INFO [hvit.handler] - hvit is shutting down...
2014-六月-19 09:13:32 +0800 myhostname INFO [hvit.handler] - hvit started successfully
2014-六月-19 09:25:39 +0800 myhostname INFO [hvit.handler] - hvit is shutting down...
2014-六月-19 09:26:00 +0800 myhostname INFO [hvit.handler] - hvit started successfully
2014-六月-19 09:50:05 +0800 myhostname INFO [hvit.handler] - hvit is shutting down...
2014-六月-19 09:51:05 +0800 myhostname INFO [hvit.handler] - hvit started successfully
2014-六月-19 10:40:42 +0800 myhostname INFO [hvit.handler] - hvit is shutting down...
2014-六月-19 10:41:13 +0800 myhostname INFO [hvit.handler] - hvit started successfully
2014-六月-19 14:16:36 +0800 myhostname INFO [hvit.handler] - hvit is shutting down...
2014-六月-19 14:17:07 +0800 myhostname INFO [hvit.handler] - hvit started successfully
2014-六月-19 15:48:31 +0800 myhostname INFO [hvit.handler] - hvit is shutting down...
2014-六月-19 15:49:03 +0800 myhostname INFO [hvit.handler] - hvit started successfully
2014-六月-19 16:19:33 +0800 myhostname INFO [hvit.handler] - hvit is shutting down...
2014-六月-19 16:21:37 +0800 myhostname INFO [hvit.handler] - hvit started successfully
2014-六月-19 17:00:51 +0800 myhostname INFO [hvit.handler] - hvit is shutting down...
2014-六月-19 17:01:21 +0800 myhostname INFO [hvit.handler] - hvit started successfully
2014-六月-19 17:05:54 +0800 myhostname INFO [hvit.handler] - hvit is shutting down...
2014-六月-19 17:06:54 +0800 myhostname INFO [hvit.handler] - hvit started successfully
2014-六月-19 17:48:21 +0800 myhostname INFO [hvit.handler] - hvit is shutting down...
2014-六月-20 09:08:12 +0800 myhostname INFO [hvit.handler] - hvit started successfully
2014-六月-20 10:01:13 +0800 myhostname INFO [hvit.handler] - hvit is shutting down...
2014-六月-20 10:04:07 +0800 myhostname INFO [hvit.handler] - hvit started successfully
2014-六月-20 10:18:42 +0800 myhostname INFO [hvit.handler] - hvit started successfully
2014-六月-20 10:18:54 +0800 myhostname INFO [hvit.handler] - hvit is shutting down...
2014-六月-20 10:19:31 +0800 myhostname INFO [hvit.handler] - hvit started successfully
2014-六月-20 10:19:34 +0800 myhostname INFO [hvit.handler] - hvit is shutting down...
2014-六月-20 10:20:55 +0800 myhostname INFO [hvit.handler] - hvit is shutting down...
2014-六月-20 10:25:53 +0800 myhostname INFO [hvit.handler] - hvit started successfully
2014-六月-20 10:28:34 +0800 myhostname INFO [hvit.handler] - hvit is shutting down...
2014-六月-20 10:30:21 +0800 myhostname INFO [hvit.handler] - hvit started successfully
2014-六月-20 10:52:32 +0800 myhostname INFO [hvit.handler] - hvit is shutting down...
2014-六月-20 10:53:01 +0800 myhostname INFO [hvit.handler] - hvit started successfully
2014-六月-20 11:15:41 +0800 myhostname INFO [hvit.handler] - hvit is shutting down...
2014-六月-20 11:16:12 +0800 myhostname INFO [hvit.handler] - hvit started successfully
2014-六月-20 11:33:16 +0800 myhostname INFO [hvit.handler] - hvit is shutting down...
2014-六月-20 11:33:45 +0800 myhostname INFO [hvit.handler] - hvit started successfully
2014-六月-20 11:35:03 +0800 myhostname INFO [hvit.handler] - hvit is shutting down...
2014-六月-20 11:41:48 +0800 myhostname INFO [hvit.handler] - hvit started successfully
2014-六月-20 11:45:44 +0800 myhostname INFO [hvit.handler] - hvit is shutting down...
2014-六月-20 11:46:14 +0800 myhostname INFO [hvit.handler] - hvit started successfully
2014-六月-20 11:46:59 +0800 myhostname INFO [hvit.handler] - hvit is shutting down...
2014-六月-20 11:47:49 +0800 myhostname INFO [hvit.handler] - hvit started successfully
2014-六月-20 11:54:32 +0800 myhostname INFO [hvit.handler] - hvit is shutting down...
2014-六月-20 11:55:05 +0800 myhostname INFO [hvit.handler] - hvit started successfully
2014-六月-20 11:57:09 +0800 myhostname INFO [hvit.handler] - hvit is shutting down...
2014-六月-20 12:09:54 +0800 myhostname INFO [hvit.handler] - hvit started successfully
2014-六月-23 10:40:41 +0800 myhostname INFO [hvit.handler] - hvit is shutting down...
2014-六月-23 10:41:19 +0800 myhostname INFO [hvit.handler] - hvit started successfully
2014-六月-23 10:45:28 +0800 myhostname INFO [hvit.handler] - hvit is shutting down...
2014-六月-23 10:55:21 +0800 myhostname INFO [hvit.handler] - hvit started successfully
2014-六月-24 11:19:09 +0800 myhostname INFO [hvit.handler] - hvit is shutting down...
2014-六月-24 16:46:26 +0800 myhostname INFO [hvit.handler] - hvit started successfully
2014-六月-25 09:02:38 +0800 myhostname INFO [hvit.handler] - hvit is shutting down...
2014-六月-25 09:15:51 +0800 myhostname INFO [hvit.handler] - hvit started successfully
2014-六月-25 09:26:22 +0800 myhostname INFO [hvit.handler] - hvit is shutting down...
2014-七月-01 09:21:27 +0800 myhostname INFO [hvit.handler] - hvit started successfully
2014-七月-01 14:49:56 +0800 myhostname INFO [hvit.handler] - hvit is shutting down...
2014-七月-01 14:55:31 +0800 myhostname INFO [hvit.handler] - hvit started successfully
2014-七月-01 15:51:34 +0800 myhostname INFO [hvit.handler] - hvit is shutting down...
2014-七月-01 15:52:24 +0800 myhostname INFO [hvit.handler] - hvit started successfully
2014-七月-01 17:03:21 +0800 myhostname INFO [hvit.handler] - hvit is shutting down...
2014-七月-01 17:04:58 +0800 myhostname INFO [hvit.handler] - hvit started successfully
2014-七月-02 11:14:17 +0800 myhostname INFO [hvit.handler] - hvit started successfully
2014-七月-02 13:16:16 +0800 myhostname INFO [hvit.handler] - hvit is shutting down...
2014-七月-02 13:16:52 +0800 myhostname INFO [hvit.handler] - hvit started successfully
2014-七月-02 14:41:29 +0800 myhostname INFO [hvit.handler] - hvit is shutting down...
2014-七月-02 14:41:56 +0800 myhostname INFO [hvit.handler] - hvit started successfully
2014-七月-02 15:23:50 +0800 myhostname INFO [hvit.handler] - hvit is shutting down...
2014-七月-02 16:09:30 +0800 myhostname INFO [hvit.handler] - hvit started successfully
2014-七月-03 10:13:24 +0800 myhostname INFO [hvit.handler] - hvit is shutting down...
2014-七月-03 10:23:16 +0800 myhostname INFO [hvit.handler] - hvit started successfully
2014-七月-03 13:25:42 +0800 myhostname INFO [hvit.handler] - hvit is shutting down...
2014-七月-23 11:05:11 +0800 myhostname INFO [hvit.handler] - hvit started successfully
2014-七月-23 14:21:50 +0800 myhostname INFO [hvit.handler] - hvit is shutting down...
2014-七月-23 14:22:28 +0800 myhostname INFO [hvit.handler] - hvit started successfully
2014-七月-23 14:24:27 +0800 myhostname INFO [hvit.handler] - hvit is shutting down...
2014-七月-23 14:24:55 +0800 myhostname INFO [hvit.handler] - hvit started successfully
2014-七月-23 14:34:11 +0800 myhostname INFO [hvit.handler] - hvit is shutting down...
2014-七月-23 14:34:38 +0800 myhostname INFO [hvit.handler] - hvit started successfully
2014-七月-23 14:35:13 +0800 myhostname INFO [hvit.handler] - hvit is shutting down...
2014-七月-23 14:35:41 +0800 myhostname INFO [hvit.handler] - hvit started successfully
2014-七月-23 14:37:12 +0800 myhostname INFO [hvit.handler] - hvit is shutting down...
2014-七月-23 14:37:42 +0800 myhostname INFO [hvit.handler] - hvit started successfully
2014-七月-23 17:05:57 +0800 myhostname INFO [hvit.handler] - hvit is shutting down...
2014-七月-23 17:06:24 +0800 myhostname INFO [hvit.handler] - hvit started successfully
2014-七月-23 17:32:58 +0800 myhostname INFO [hvit.handler] - hvit is shutting down...
2014-七月-23 17:33:26 +0800 myhostname INFO [hvit.handler] - hvit started successfully
2014-七月-25 09:01:52 +0800 myhostname INFO [hvit.handler] - hvit is shutting down...
2014-七月-25 11:00:58 +0800 myhostname INFO [hvit.handler] - hvit started successfully
2014-七月-25 14:42:28 +0800 myhostname INFO [hvit.handler] - hvit is shutting down...
2014-七月-25 16:48:53 +0800 myhostname INFO [hvit.handler] - hvit started successfully
2014-七月-28 09:47:27 +0800 myhostname INFO [hvit.handler] - hvit started successfully
2014-七月-28 09:47:35 +0800 myhostname INFO [hvit.handler] - hvit is shutting down...
2014-七月-28 09:47:13 +0800 myhostname INFO [hvit.handler] - hvit is shutting down...
2014-七月-28 09:47:52 +0800 myhostname INFO [hvit.handler] - hvit started successfully
2014-七月-28 17:12:13 +0800 myhostname INFO [hvit.handler] - hvit is shutting down...
2014-七月-28 17:44:51 +0800 myhostname INFO [hvit.handler] - hvit started successfully
2014-八月-05 09:01:00 +0800 myhostname INFO [hvit.handler] - hvit is shutting down...
2014-八月-05 09:10:00 +0800 myhostname INFO [hvit.handler] - hvit started successfully
2014-八月-05 14:54:41 +0800 myhostname INFO [hvit.handler] - hvit is shutting down...
2014-八月-05 15:20:07 +0800 myhostname INFO [hvit.handler] - hvit started successfully
2014-八月-05 16:50:36 +0800 myhostname INFO [hvit.handler] - hvit is shutting down...
2014-八月-05 16:51:15 +0800 myhostname INFO [hvit.handler] - hvit started successfully
2014-八月-05 16:56:41 +0800 myhostname INFO [hvit.handler] - hvit is shutting down...
2014-八月-05 16:58:48 +0800 myhostname INFO [hvit.handler] - hvit started successfully
2014-八月-05 17:08:45 +0800 myhostname INFO [hvit.handler] - hvit is shutting down...
2014-八月-05 17:33:50 +0800 myhostname INFO [hvit.handler] - hvit started successfully
2014-八月-08 09:18:52 +0800 myhostname INFO [hvit.handler] - hvit is shutting down...
2014-八月-08 09:21:50 +0800 myhostname INFO [hvit.handler] - hvit started successfully
